<?xml version="1.0" encoding="UTF-8"?>
<!-- Generated by org.testng.reporters.JUnitReportReporter -->
<testsuite skipped="0" hostname="DESKTOP-BHCQ0KF" name="com.etailpet.qa.testcases.GuestUserPageTest" tests="1" failures="0" timestamp="26 May 2020 09:56:36 GMT" time="50.508" errors="0">
  <testcase name="VerifyGuestFlowTest" time="50.508" classname="com.etailpet.qa.testcases.GuestUserPageTest"/>
</testsuite> <!-- com.etailpet.qa.testcases.GuestUserPageTest -->
