<?xml version="1.0" encoding="UTF-8"?>
<!-- Generated by org.testng.reporters.JUnitReportReporter -->
<testsuite skipped="0" hostname="DESKTOP-BHCQ0KF" name="com.etailpet.qa.testcases.SignUpPageTest" tests="3" failures="0" timestamp="01 Jun 2020 08:24:42 GMT" time="46.436" errors="0">
  <testcase name="SignUpTest" time="15.446" classname="com.etailpet.qa.testcases.SignUpPageTest"/>
  <testcase name="SignUpTest" time="16.328" classname="com.etailpet.qa.testcases.SignUpPageTest"/>
  <testcase name="SignUpTest" time="14.662" classname="com.etailpet.qa.testcases.SignUpPageTest"/>
</testsuite> <!-- com.etailpet.qa.testcases.SignUpPageTest -->
