<?xml version="1.0" encoding="UTF-8"?>
<!-- Generated by org.testng.reporters.JUnitReportReporter -->
<testsuite skipped="0" hostname="DESKTOP-BHCQ0KF" name="com.etailpet.qa.testcases.SignInPageTest" tests="1" failures="0" timestamp="29 May 2020 04:28:58 GMT" time="16.884" errors="0">
  <testcase name="signinTest" time="16.884" classname="com.etailpet.qa.testcases.SignInPageTest"/>
</testsuite> <!-- com.etailpet.qa.testcases.SignInPageTest -->
